This is pdfTeX, Version 3.141592653-2.6-1.40.25 (TeX Live 2023) (preloaded format=pdflatex 2023.11.17)  21 NOV 2023 22:06
entering extended mode
 restricted \write18 enabled.
 file:line:error style messages enabled.
 %&-line parsing enabled.
**"Finite-Horizon Linear Quadratic OCP and Reachability.tex"
(./Finite-Horizon Linear Quadratic OCP and Reachability.tex
LaTeX2e <2022-11-01> patch level 1
L3 programming layer <2023-02-22>
(/usr/local/texlive/2023/texmf-dist/tex/latex/base/article.cls
Document Class: article 2022/07/02 v1.4n Standard LaTeX document class
(/usr/local/texlive/2023/texmf-dist/tex/latex/base/size10.clo
File: size10.clo 2022/07/02 v1.4n Standard LaTeX file (size option)
)
\c@part=\count185
\c@section=\count186
\c@subsection=\count187
\c@subsubsection=\count188
\c@paragraph=\count189
\c@subparagraph=\count190
\c@figure=\count191
\c@table=\count192
\abovecaptionskip=\skip48
\belowcaptionskip=\skip49
\bibindent=\dimen140
)
(/usr/local/texlive/2023/texmf-dist/tex/latex/amsmath/amsmath.sty
Package: amsmath 2022/04/08 v2.17n AMS math features
\@mathmargin=\skip50

For additional information on amsmath, use the `?' option.
(/usr/local/texlive/2023/texmf-dist/tex/latex/amsmath/amstext.sty
Package: amstext 2021/08/26 v2.01 AMS text

(/usr/local/texlive/2023/texmf-dist/tex/latex/amsmath/amsgen.sty
File: amsgen.sty 1999/11/30 v2.0 generic functions
\@emptytoks=\toks16
\ex@=\dimen141
))
(/usr/local/texlive/2023/texmf-dist/tex/latex/amsmath/amsbsy.sty
Package: amsbsy 1999/11/29 v1.2d Bold Symbols
\pmbraise@=\dimen142
)
(/usr/local/texlive/2023/texmf-dist/tex/latex/amsmath/amsopn.sty
Package: amsopn 2022/04/08 v2.04 operator names
)
\inf@bad=\count193
LaTeX Info: Redefining \frac on input line 234.
\uproot@=\count194
\leftroot@=\count195
LaTeX Info: Redefining \overline on input line 399.
LaTeX Info: Redefining \colon on input line 410.
\classnum@=\count196
\DOTSCASE@=\count197
LaTeX Info: Redefining \ldots on input line 496.
LaTeX Info: Redefining \dots on input line 499.
LaTeX Info: Redefining \cdots on input line 620.
\Mathstrutbox@=\box51
\strutbox@=\box52
LaTeX Info: Redefining \big on input line 722.
LaTeX Info: Redefining \Big on input line 723.
LaTeX Info: Redefining \bigg on input line 724.
LaTeX Info: Redefining \Bigg on input line 725.
\big@size=\dimen143
LaTeX Font Info:    Redeclaring font encoding OML on input line 743.
LaTeX Font Info:    Redeclaring font encoding OMS on input line 744.
\macc@depth=\count198
LaTeX Info: Redefining \bmod on input line 905.
LaTeX Info: Redefining \pmod on input line 910.
LaTeX Info: Redefining \smash on input line 940.
LaTeX Info: Redefining \relbar on input line 970.
LaTeX Info: Redefining \Relbar on input line 971.
\c@MaxMatrixCols=\count199
\dotsspace@=\muskip16
\c@parentequation=\count266
\dspbrk@lvl=\count267
\tag@help=\toks17
\row@=\count268
\column@=\count269
\maxfields@=\count270
\andhelp@=\toks18
\eqnshift@=\dimen144
\alignsep@=\dimen145
\tagshift@=\dimen146
\tagwidth@=\dimen147
\totwidth@=\dimen148
\lineht@=\dimen149
\@envbody=\toks19
\multlinegap=\skip51
\multlinetaggap=\skip52
\mathdisplay@stack=\toks20
LaTeX Info: Redefining \[ on input line 2953.
LaTeX Info: Redefining \] on input line 2954.
)
(/usr/local/texlive/2023/texmf-dist/tex/latex/l3backend/l3backend-pdftex.def
File: l3backend-pdftex.def 2023-01-16 L3 backend support: PDF output (pdfTeX)
\l__color_backend_stack_int=\count271
\l__pdf_internal_box=\box53
)
(./Finite-Horizon Linear Quadratic OCP and Reachability.aux)
\openout1 = `"Finite-Horizon Linear Quadratic OCP and Reachability.aux"'.

LaTeX Font Info:    Checking defaults for OML/cmm/m/it on input line 4.
LaTeX Font Info:    ... okay on input line 4.
LaTeX Font Info:    Checking defaults for OMS/cmsy/m/n on input line 4.
LaTeX Font Info:    ... okay on input line 4.
LaTeX Font Info:    Checking defaults for OT1/cmr/m/n on input line 4.
LaTeX Font Info:    ... okay on input line 4.
LaTeX Font Info:    Checking defaults for T1/cmr/m/n on input line 4.
LaTeX Font Info:    ... okay on input line 4.
LaTeX Font Info:    Checking defaults for TS1/cmr/m/n on input line 4.
LaTeX Font Info:    ... okay on input line 4.
LaTeX Font Info:    Checking defaults for OMX/cmex/m/n on input line 4.
LaTeX Font Info:    ... okay on input line 4.
LaTeX Font Info:    Checking defaults for U/cmr/m/n on input line 4.
LaTeX Font Info:    ... okay on input line 4.

Overfull \hbox (193.10455pt too wide) detected at line 57
[]
 []

[1

{/usr/local/texlive/2023/texmf-var/fonts/map/pdftex/updmap/pdftex.map}]
[2]
Overfull \hbox (83.46428pt too wide) detected at line 186
\OML/cmm/m/it/10 V[]\OT1/cmr/m/n/10 (\OML/cmm/m/it/10 x\OT1/cmr/m/n/10 ) = \OML
/cmm/m/it/10 min\OT1/cmr/m/n/10 (\OML/cmm/m/it/10 frac\OT1/cmr/m/n/10 12(\OML/c
mm/m/it/10 x[]Qx[] \OT1/cmr/m/n/10 + \OML/cmm/m/it/10 u[]Ru[]\OT1/cmr/m/n/10 ) 
+ \OML/cmm/m/it/10 q[]x[] \OT1/cmr/m/n/10 + \OML/cmm/m/it/10 r[]u[] \OT1/cmr/m/
n/10 + \OML/cmm/m/it/10 frac\OT1/cmr/m/n/10 12(\OML/cmm/m/it/10 Ax \OT1/cmr/m/n
/10 + \OML/cmm/m/it/10 Bu\OT1/cmr/m/n/10 )[]\OML/cmm/m/it/10 P[]\OT1/cmr/m/n/10
 (\OML/cmm/m/it/10 Ax \OT1/cmr/m/n/10 + \OML/cmm/m/it/10 Bu\OT1/cmr/m/n/10 )) +
 \OML/cmm/m/it/10 q[]\OT1/cmr/m/n/10 (\OML/cmm/m/it/10 Ax \OT1/cmr/m/n/10 + \OM
L/cmm/m/it/10 Bu\OT1/cmr/m/n/10 )
 []


Overfull \hbox (199.87589pt too wide) detected at line 190
\OML/cmm/m/it/10 V[]\OT1/cmr/m/n/10 (\OML/cmm/m/it/10 x\OT1/cmr/m/n/10 ) = \OML
/cmm/m/it/10 min\OT1/cmr/m/n/10 (\OML/cmm/m/it/10 frac\OT1/cmr/m/n/10 12\OML/cm
m/m/it/10 x[]Qx[] \OT1/cmr/m/n/10 + \OML/cmm/m/it/10 frac\OT1/cmr/m/n/10 12\OML
/cmm/m/it/10 u[]Ru[] \OT1/cmr/m/n/10 + \OML/cmm/m/it/10 q[]x[] \OT1/cmr/m/n/10 
+ \OML/cmm/m/it/10 r[]u[] \OT1/cmr/m/n/10 + \OML/cmm/m/it/10 frac\OT1/cmr/m/n/1
0 12\OML/cmm/m/it/10 x[]A[]P[]A \OT1/cmr/m/n/10 + \OML/cmm/m/it/10 frac\OT1/cmr
/m/n/10 12\OML/cmm/m/it/10 u[]B[]P[]Bu \OT1/cmr/m/n/10 + \OML/cmm/m/it/10 x[]A[
]P[]Bu[] \OT1/cmr/m/n/10 + \OML/cmm/m/it/10 q[]Ax \OT1/cmr/m/n/10 + \OML/cmm/m/
it/10 q[]Bu
 []

[3]
Overfull \hbox (128.43839pt too wide) detected at line 194
\OML/cmm/m/it/10 V[]\OT1/cmr/m/n/10 (\OML/cmm/m/it/10 x\OT1/cmr/m/n/10 ) = \OML
/cmm/m/it/10 min\OT1/cmr/m/n/10 (\OML/cmm/m/it/10 frac\OT1/cmr/m/n/10 12\OML/cm
m/m/it/10 x[]\OT1/cmr/m/n/10 (\OML/cmm/m/it/10 Q \OT1/cmr/m/n/10 + \OML/cmm/m/i
t/10 A[]P[]A\OT1/cmr/m/n/10 )\OML/cmm/m/it/10 x[] \OT1/cmr/m/n/10 + \OML/cmm/m/
it/10 frac\OT1/cmr/m/n/10 12\OML/cmm/m/it/10 u[]\OT1/cmr/m/n/10 (\OML/cmm/m/it/
10 R \OT1/cmr/m/n/10 + \OML/cmm/m/it/10 B[]P[]B\OT1/cmr/m/n/10 )\OML/cmm/m/it/1
0 u[] \OT1/cmr/m/n/10 + \OML/cmm/m/it/10 x[]A[]P[]Bu[] \OT1/cmr/m/n/10 + \OML/c
mm/m/it/10 q[]x[] \OT1/cmr/m/n/10 + \OML/cmm/m/it/10 r[]u[] \OT1/cmr/m/n/10 + \
OML/cmm/m/it/10 q[]Ax \OT1/cmr/m/n/10 + \OML/cmm/m/it/10 q[]Bu[]
 []


Overfull \hbox (171.77426pt too wide) detected at line 209
\OML/cmm/m/it/10 V[]\OT1/cmr/m/n/10 (\OML/cmm/m/it/10 x\OT1/cmr/m/n/10 ) = \OML
/cmm/m/it/10 frac\OT1/cmr/m/n/10 12\OML/cmm/m/it/10 x \OMS/cmsy/m/n/10 ^^@ \OML
/cmm/m/it/10 t[]\OT1/cmr/m/n/10 (\OML/cmm/m/it/10 Q \OT1/cmr/m/n/10 + \OML/cmm/
m/it/10 A[]P[]A\OT1/cmr/m/n/10 )\OML/cmm/m/it/10 x[] \OT1/cmr/m/n/10 + \OML/cmm
/m/it/10 frac\OT1/cmr/m/n/10 12\OML/cmm/m/it/10 x[]k[]\OT1/cmr/m/n/10 (\OML/cmm
/m/it/10 R \OT1/cmr/m/n/10 + \OML/cmm/m/it/10 B[]P[]B\OT1/cmr/m/n/10 )\OML/cmm/
m/it/10 k[]x[] \OT1/cmr/m/n/10 + \OML/cmm/m/it/10 x[]A[]P[]Bk[]x[] \OT1/cmr/m/n
/10 + \OML/cmm/m/it/10 q[]x[] \OT1/cmr/m/n/10 + \OML/cmm/m/it/10 r[]k[]x[] \OT1
/cmr/m/n/10 + \OML/cmm/m/it/10 q[]Ax[] \OT1/cmr/m/n/10 + \OML/cmm/m/it/10 q[]Bk
[]x[]
 []

[4]
./Finite-Horizon Linear Quadratic OCP and Reachability.tex:277: Undefined contr
ol sequence.
l.277   \nabla^2 J - \lamda
                           ^T  \nabla ^ 2 \phi \\
? 
./Finite-Horizon Linear Quadratic OCP and Reachability.tex:277: Emergency stop.
l.277 
      
End of file on the terminal!

 
Here is how much of TeX's memory you used:
 1148 strings out of 476025
 18293 string characters out of 5790016
 1862388 words of memory out of 5000000
 21667 multiletter control sequences out of 15000+600000
 512741 words of font info for 34 fonts, out of 8000000 for 9000
 1141 hyphenation exceptions out of 8191
 56i,10n,62p,390b,134s stack positions out of 10000i,1000n,20000p,200000b,200000s
./Finite-Horizon Linear Quadratic OCP and Reachability.tex:277:  ==> Fatal erro
r occurred, no output PDF file produced!
7)
 35 compressed objects within 1 object stream
 0 named destinations out of 1000 (max. 500000)
 1 words of extra memory for PDF output out of 10000 (max. 10000000)

